<?xml version="1.0" encoding="UTF-8"?>
<!-- Generated by org.testng.reporters.JUnitReportReporter -->
<testsuite skipped="0" hostname="LIN35004394" name="com.zest.qa.testcases.ComparePrice" tests="1" failures="0" timestamp="2020-01-05T23:39:14 IST" time="28.652" errors="0">
  <testcase name="comparePrice" time="28.652" classname="com.zest.qa.testcases.ComparePrice"/>
</testsuite> <!-- com.zest.qa.testcases.ComparePrice -->
